// 重构日志: f7881c75
// 重构日志: e0dea18e
// 重构日志: 836417ef
// 重构日志: 0e23887c
// 同步 ID: ed559ffc @ Thu Jul  2 17:22:47 UTC 2026
// 同步 ID: 1210aa2b @ Tue Jul  7 12:04:38 UTC 2026
// 重构日志: 0413f070
// 重构日志: 08de3ccd
// 重构日志: 7401c94a
// 同步 ID: f06153c4 @ Sat Jul 11 14:51:39 UTC 2026
// 同步 ID: e04dfb90 @ Sat Jul 11 16:13:52 UTC 2026
// 同步 ID: 0ff0d0c7 @ Sat Jul 11 22:45:34 UTC 2026
// 重构日志: 7f7ed84a
// 同步 ID: a19d98d7 @ Mon Jul 13 11:50:13 UTC 2026
// 同步 ID: c2cf1235 @ Mon Jul 13 20:06:08 UTC 2026
// 同步 ID: 84d0e433 @ Mon Jul 13 22:45:07 UTC 2026
// 重构日志: 818abe9e
// 重构日志: e397c10e
// 同步 ID: c6d800af @ Wed Jul 15 00:38:09 UTC 2026
// 同步 ID: 2d7d3671 @ Wed Jul 15 16:11:50 UTC 2026
// 重构日志: ccea88d1
// 重构日志: 5c515615
// 重构日志: c574952b
// 重构日志: 073daaf5
// 同步 ID: d046a947 @ Fri Jul 17 16:07:51 UTC 2026
